// 重构日志: 7aef4f6c
// 同步 ID: 5a22395a @ Sat Jul 11 23:55:49 UTC 2026
// 重构日志: 651ad728
// 重构日志: 6849b05e
// 同步 ID: 165d4b79 @ Tue Jul 14 09:16:48 UTC 2026
// 同步 ID: 50cc0325 @ Tue Jul 14 12:07:33 UTC 2026
// 重构日志: 3c106660
// 同步 ID: a85b7fc5 @ Wed Jul 15 07:50:23 UTC 2026
// 同步 ID: 0fcb8910 @ Thu Jul 16 07:09:43 UTC 2026
// 同步 ID: 9861e3c2 @ Thu Jul 16 09:42:41 UTC 2026
// 重构日志: 15e43038
// 同步 ID: 1c3509a8 @ Fri Jul 17 12:51:34 UTC 2026
// 同步 ID: 9ca6f9c8 @ Fri Jul 17 18:35:26 UTC 2026
// 同步 ID: 5e731e55 @ Sat Jul 18 07:12:47 UTC 2026
// 重构日志: 88fdaf91
// 重构日志: c54e72de
// 重构日志: 36075a31
// 重构日志: d662c807
// 重构日志: d689b939
// 重构日志: b6f33fdb
// 同步 ID: 28172d91 @ Sun Jul 19 16:27:06 UTC 2026
// 同步 ID: 32047e6d @ Mon Jul 20 01:41:53 UTC 2026
// 同步 ID: c850f905 @ Mon Jul 20 11:31:37 UTC 2026
// 重构日志: 22a3d6c2
// 重构日志: 39684913
// 重构日志: f38a1ff2
// 同步 ID: c92f57dc @ Tue Jul 21 11:08:44 UTC 2026
// 重构日志: 914ccabb
// 重构日志: a3038807
// 同步 ID: 95c4d973 @ Wed Jul 22 11:20:18 UTC 2026
// 重构日志: f793a68c
// 重构日志: f8a4c0d6
